Started by user [8mha:////4AKf7IEmIMewRp4a2yjRopro3gQ4T/FXGOSXjmho4vIqAAAAmh+LCAAAAAAAAP9b85aBtbiIQTGjNKU4P08vOT+vOD8nVc83PyU1x6OyILUoJzMv2y+/JJUBAhiZGBgqihhk0NSjKDWzXb3RdlLBUSYGJk8GtpzUvPSSDB8G5tKinBIGIZ+sxLJE/ZzEvHT94JKizLx0a6BxUmjGOUNodHsLgAzuEgY+/dLi1CL9nMyyzPzy1CQAKHvQsMMAAAA=[0mLivioDevops
Running in Durability level: MAX_SURVIVABILITY
org.codehaus.groovy.control.MultipleCompilationErrorsException: startup failed:
WorkflowScript: 4: Unknown stage section "echo". Starting with version 0.5, steps in a stage must be in a â€˜stepsâ€™ block. @ line 4, column 5.
       stage('HelloWorld') {
       ^

WorkflowScript: 8: Unknown stage section "echo". Starting with version 0.5, steps in a stage must be in a â€˜stepsâ€™ block. @ line 8, column 5.
       stage('HelloWorld') {
       ^

WorkflowScript: 12: Unknown stage section "checkout". Starting with version 0.5, steps in a stage must be in a â€˜stepsâ€™ block. @ line 12, column 5.
       stage('git clone') {
       ^

WorkflowScript: 1: Missing required section "agent" @ line 1, column 1.
   pipeline {
   ^

WorkflowScript: 2: Duplicate stage name: "HelloWorld" @ line 2, column 3.
     stages {
     ^

WorkflowScript: 4: Expected one of "steps", "stages", or "parallel" for stage "HelloWorld" @ line 4, column 5.
       stage('HelloWorld') {
       ^

WorkflowScript: 8: Expected one of "steps", "stages", or "parallel" for stage "HelloWorld" @ line 8, column 5.
       stage('HelloWorld') {
       ^

WorkflowScript: 12: Expected one of "steps", "stages", or "parallel" for stage "git clone" @ line 12, column 5.
       stage('git clone') {
       ^

8 errors

	at org.codehaus.groovy.control.ErrorCollector.failIfErrors(ErrorCollector.java:310)
	at org.codehaus.groovy.control.CompilationUnit.applyToPrimaryClassNodes(CompilationUnit.java:1085)
	at org.codehaus.groovy.control.CompilationUnit.doPhaseOperation(CompilationUnit.java:603)
	at org.codehaus.groovy.control.CompilationUnit.processPhaseOperations(CompilationUnit.java:581)
	at org.codehaus.groovy.control.CompilationUnit.compile(CompilationUnit.java:558)
	at groovy.lang.GroovyClassLoader.doParseClass(GroovyClassLoader.java:298)
	at groovy.lang.GroovyClassLoader.parseClass(GroovyClassLoader.java:268)
	at groovy.lang.GroovyShell.parseClass(GroovyShell.java:688)
	at groovy.lang.GroovyShell.parse(GroovyShell.java:700)
	at org.jenkinsci.plugins.workflow.cps.CpsGroovyShell.doParse(CpsGroovyShell.java:142)
	at org.jenkinsci.plugins.workflow.cps.CpsGroovyShell.reparse(CpsGroovyShell.java:127)
	at org.jenkinsci.plugins.workflow.cps.CpsFlowExecution.parseScript(CpsFlowExecution.java:571)
	at org.jenkinsci.plugins.workflow.cps.CpsFlowExecution.start(CpsFlowExecution.java:523)
	at org.jenkinsci.plugins.workflow.job.WorkflowRun.run(WorkflowRun.java:337)
	at hudson.model.ResourceController.execute(ResourceController.java:97)
	at hudson.model.Executor.run(Executor.java:429)
Finished: FAILURE
